build/app/intermediates/manifest_merge_blame_file/release/manifest-merger-blame-release-report.txt
1<?xml version="1.0" encoding="utf-8"?>
2<manifest xmlns:android="http://schemas.android.com/apk/res/android"
3    package="com.nkdevelopers.niktoearningapp"
4    android:versionCode="224"
5    android:versionName="1.57.0" >
6
7    <uses-sdk
8        android:minSdkVersion="21"
8-->src\main\AndroidManifest.xml
9        android:targetSdkVersion="33" />
9-->src\main\AndroidManifest.xml
10
11    <queries>
11-->src\main\AndroidManifest.xml:3:5-9:15
12
13        <!-- If your app opens https URLs -->
14        <intent>
14-->src\main\AndroidManifest.xml:5:9-8:18
15            <action android:name="android.intent.action.VIEW" />
15-->src\main\AndroidManifest.xml:6:13-65
15-->src\main\AndroidManifest.xml:6:21-62
16
17            <data android:scheme="https" />
17-->src\main\AndroidManifest.xml:7:13-44
17-->src\main\AndroidManifest.xml:7:19-41
18        </intent>
19        <intent>
19-->[com.applovin:applovin-sdk:12.1.0] AndroidManifest.xml:8:9-10:18
20            <action android:name="com.applovin.am.intent.action.APPHUB_SERVICE" />
20-->[com.applovin:applovin-sdk:12.1.0] AndroidManifest.xml:9:13-83
20-->[com.applovin:applovin-sdk:12.1.0] AndroidManifest.xml:9:21-80
21        </intent>
22    </queries>
23
24    <uses-permission android:name="android.permission.INTERNET" />
24-->src\main\AndroidManifest.xml:10:5-66
24-->src\main\AndroidManifest.xml:10:22-64
25    <uses-permission android:name="android.permission.WAKE_LOCK" />
25-->[:firebase_messaging] AndroidManifest.xml:10:5-68
25-->[:firebase_messaging] AndroidManifest.xml:10:22-65
26    <uses-permission android:name="android.permission.ACCESS_NETWORK_STATE" /> <!-- Permissions options for the `notification` group -->
26-->[:firebase_messaging] AndroidManifest.xml:11:5-79
26-->[:firebase_messaging] AndroidManifest.xml:11:22-76
27    <uses-permission android:name="android.permission.POST_NOTIFICATIONS" />
27-->[:firebase_messaging] AndroidManifest.xml:13:5-77
27-->[:firebase_messaging] AndroidManifest.xml:13:22-74
28    <uses-permission android:name="com.google.android.gms.permission.AD_ID" />
28-->[com.applovin:applovin-sdk:12.1.0] AndroidManifest.xml:15:5-79
28-->[com.applovin:applovin-sdk:12.1.0] AndroidManifest.xml:15:22-76
29    <uses-permission android:name="com.applovin.array.apphub.permission.BIND_APPHUB_SERVICE" /> <!-- Permissions required by Open Measurement SDK -->
29-->[com.applovin:applovin-sdk:12.1.0] AndroidManifest.xml:16:5-96
29-->[com.applovin:applovin-sdk:12.1.0] AndroidManifest.xml:16:22-93
30    <uses-permission android:name="android.permission.ACCESS_WIFI_STATE" />
30-->[com.applovin:applovin-sdk:12.1.0] AndroidManifest.xml:19:5-76
30-->[com.applovin:applovin-sdk:12.1.0] AndroidManifest.xml:19:22-73
31    <uses-permission android:name="android.permission.ACCESS_ADSERVICES_ATTRIBUTION" />
31-->[com.google.android.gms:play-services-measurement-api:21.5.0] AndroidManifest.xml:26:5-88
31-->[com.google.android.gms:play-services-measurement-api:21.5.0] AndroidManifest.xml:26:22-85
32    <uses-permission android:name="android.permission.ACCESS_ADSERVICES_AD_ID" /> <!-- Required by older versions of Google Play services to create IID tokens -->
32-->[com.google.android.gms:play-services-measurement-api:21.5.0] AndroidManifest.xml:27:5-82
32-->[com.google.android.gms:play-services-measurement-api:21.5.0] AndroidManifest.xml:27:22-79
33    <uses-permission android:name="com.google.android.c2dm.permission.RECEIVE" />
33-->[com.google.firebase:firebase-messaging:23.3.1] AndroidManifest.xml:26:5-82
33-->[com.google.firebase:firebase-messaging:23.3.1] AndroidManifest.xml:26:22-79
34    <uses-permission android:name="com.google.android.finsky.permission.BIND_GET_INSTALL_REFERRER_SERVICE" />
34-->[com.google.android.gms:play-services-measurement:21.5.0] AndroidManifest.xml:26:5-110
34-->[com.google.android.gms:play-services-measurement:21.5.0] AndroidManifest.xml:26:22-107
35    <uses-permission android:name="android.permission.RECEIVE_BOOT_COMPLETED" />
35-->[androidx.work:work-runtime:2.7.0] AndroidManifest.xml:27:5-81
35-->[androidx.work:work-runtime:2.7.0] AndroidManifest.xml:27:22-78
36    <uses-permission android:name="android.permission.FOREGROUND_SERVICE" />
36-->[androidx.work:work-runtime:2.7.0] AndroidManifest.xml:28:5-77
36-->[androidx.work:work-runtime:2.7.0] AndroidManifest.xml:28:22-74
37
38    <permission
38-->[androidx.core:core:1.9.0] AndroidManifest.xml:22:5-24:47
39        android:name="com.nkdevelopers.niktoearningapp.DYNAMIC_RECEIVER_NOT_EXPORTED_PERMISSION"
39-->[androidx.core:core:1.9.0] AndroidManifest.xml:23:9-81
40        android:protectionLevel="signature" />
40-->[androidx.core:core:1.9.0] AndroidManifest.xml:24:9-44
41
42    <uses-permission android:name="com.nkdevelopers.niktoearningapp.DYNAMIC_RECEIVER_NOT_EXPORTED_PERMISSION" />
42-->[androidx.core:core:1.9.0] AndroidManifest.xml:26:5-97
42-->[androidx.core:core:1.9.0] AndroidManifest.xml:26:22-94
43
44    <application
45        android:name="android.app.Application"
45-->src\main\AndroidManifest.xml:13:9-42
46        android:appComponentFactory="androidx.core.app.CoreComponentFactory"
46-->[androidx.core:core:1.9.0] AndroidManifest.xml:28:18-86
47        android:icon="@mipmap/ic_launcher"
47-->src\main\AndroidManifest.xml:16:9-43
48        android:label="NiKto"
48-->src\main\AndroidManifest.xml:12:9-30
49        android:usesCleartextTraffic="true" >
49-->src\main\AndroidManifest.xml:14:17-52
50        <activity
50-->src\main\AndroidManifest.xml:17:9-37:20
51            android:name="com.nkdevelopers.niktoearningapp.MainActivity"
51-->src\main\AndroidManifest.xml:18:13-41
52            android:configChanges="orientation|keyboardHidden|keyboard|screenSize|smallestScreenSize|locale|layoutDirection|fontScale|screenLayout|density|uiMode"
52-->src\main\AndroidManifest.xml:22:13-163
53            android:exported="true"
53-->src\main\AndroidManifest.xml:19:13-36
54            android:hardwareAccelerated="true"
54-->src\main\AndroidManifest.xml:23:13-47
55            android:launchMode="singleTop"
55-->src\main\AndroidManifest.xml:20:13-43
56            android:theme="@style/LaunchTheme"
56-->src\main\AndroidManifest.xml:21:13-47
57            android:windowSoftInputMode="adjustResize" >
57-->src\main\AndroidManifest.xml:24:13-55
58
59            <!--
60                 Specifies an Android theme to apply to this Activity as soon as
61                 the Android process has started. This theme is visible to the user
62                 while the Flutter UI initializes. After that, this theme continues
63                 to determine the Window background behind the Flutter UI.
64            -->
65            <meta-data
65-->src\main\AndroidManifest.xml:29:13-32:17
66                android:name="io.flutter.embedding.android.NormalTheme"
66-->src\main\AndroidManifest.xml:30:15-70
67                android:resource="@style/NormalTheme" />
67-->src\main\AndroidManifest.xml:31:15-52
68
69            <intent-filter>
69-->src\main\AndroidManifest.xml:33:13-36:29
70                <action android:name="android.intent.action.MAIN" />
70-->src\main\AndroidManifest.xml:34:17-68
70-->src\main\AndroidManifest.xml:34:25-66
71
72                <category android:name="android.intent.category.LAUNCHER" />
72-->src\main\AndroidManifest.xml:35:17-76
72-->src\main\AndroidManifest.xml:35:27-74
73            </intent-filter>
74        </activity>
75        <!--
76             Don't delete the meta-data below.
77             This is used by the Flutter tool to generate GeneratedPluginRegistrant.java
78        -->
79        <meta-data
79-->src\main\AndroidManifest.xml:40:9-42:33
80            android:name="flutterEmbedding"
80-->src\main\AndroidManifest.xml:41:13-44
81            android:value="2" />
81-->src\main\AndroidManifest.xml:42:13-30
82        <meta-data
82-->src\main\AndroidManifest.xml:44:9-46:118
83            android:name="applovin.sdk.key"
83-->src\main\AndroidManifest.xml:45:13-44
84            android:value="NfoOk1PAASVcJiybbx38USeNLyf2Dv9yI6ybSAfkfNGftEDKdCpXtrHyfGVK7RCq7NEq3RkEpM9n-omMlqyfbM" />
84-->src\main\AndroidManifest.xml:46:13-115
85
86        <service
86-->[:firebase_auth] AndroidManifest.xml:10:9-14:19
87            android:name="com.google.firebase.components.ComponentDiscoveryService"
87-->[:firebase_auth] AndroidManifest.xml:10:18-89
88            android:directBootAware="true"
88-->[com.google.firebase:firebase-common:20.4.2] AndroidManifest.xml:32:13-43
89            android:exported="false" >
89-->[com.google.firebase:firebase-analytics-ktx:21.5.0] AndroidManifest.xml:10:13-37
90            <meta-data
90-->[:firebase_auth] AndroidManifest.xml:11:13-13:85
91                android:name="com.google.firebase.components:io.flutter.plugins.firebase.auth.FlutterFirebaseAuthRegistrar"
91-->[:firebase_auth] AndroidManifest.xml:12:17-124
92                android:value="com.google.firebase.components.ComponentRegistrar" />
92-->[:firebase_auth] AndroidManifest.xml:13:17-82
93            <meta-data
93-->[:firebase_database] AndroidManifest.xml:11:13-13:85
94                android:name="com.google.firebase.components:io.flutter.plugins.firebase.database.FlutterFirebaseAppRegistrar"
94-->[:firebase_database] AndroidManifest.xml:12:17-127
95                android:value="com.google.firebase.components.ComponentRegistrar" />
95-->[:firebase_database] AndroidManifest.xml:13:17-82
96            <meta-data
96-->[:firebase_messaging] AndroidManifest.xml:38:13-40:85
97                android:name="com.google.firebase.components:io.flutter.plugins.firebase.messaging.FlutterFirebaseAppRegistrar"
97-->[:firebase_messaging] AndroidManifest.xml:39:17-128
98                android:value="com.google.firebase.components.ComponentRegistrar" />
98-->[:firebase_messaging] AndroidManifest.xml:40:17-82
99            <meta-data
99-->[:firebase_core] AndroidManifest.xml:11:13-13:85
100                android:name="com.google.firebase.components:io.flutter.plugins.firebase.core.FlutterFirebaseCoreRegistrar"
100-->[:firebase_core] AndroidManifest.xml:12:17-124
101                android:value="com.google.firebase.components.ComponentRegistrar" />
101-->[:firebase_core] AndroidManifest.xml:13:17-82
102            <meta-data
102-->[com.google.firebase:firebase-analytics-ktx:21.5.0] AndroidManifest.xml:11:13-13:85
103                android:name="com.google.firebase.components:com.google.firebase.analytics.ktx.FirebaseAnalyticsLegacyRegistrar"
103-->[com.google.firebase:firebase-analytics-ktx:21.5.0] AndroidManifest.xml:12:17-129
104                android:value="com.google.firebase.components.ComponentRegistrar" />
104-->[com.google.firebase:firebase-analytics-ktx:21.5.0] AndroidManifest.xml:13:17-82
105            <meta-data
105-->[com.google.android.gms:play-services-measurement-api:21.5.0] AndroidManifest.xml:37:13-39:85
106                android:name="com.google.firebase.components:com.google.firebase.analytics.connector.internal.AnalyticsConnectorRegistrar"
106-->[com.google.android.gms:play-services-measurement-api:21.5.0] AndroidManifest.xml:38:17-139
107                android:value="com.google.firebase.components.ComponentRegistrar" />
107-->[com.google.android.gms:play-services-measurement-api:21.5.0] AndroidManifest.xml:39:17-82
108            <meta-data
108-->[com.google.firebase:firebase-auth:22.3.0] AndroidManifest.xml:69:13-71:85
109                android:name="com.google.firebase.components:com.google.firebase.auth.FirebaseAuthRegistrar"
109-->[com.google.firebase:firebase-auth:22.3.0] AndroidManifest.xml:70:17-109
110                android:value="com.google.firebase.components.ComponentRegistrar" />
110-->[com.google.firebase:firebase-auth:22.3.0] AndroidManifest.xml:71:17-82
111            <meta-data
111-->[com.google.firebase:firebase-database:20.3.0] AndroidManifest.xml:29:13-31:85
112                android:name="com.google.firebase.components:com.google.firebase.database.FirebaseDatabaseKtxRegistrar"
112-->[com.google.firebase:firebase-database:20.3.0] AndroidManifest.xml:30:17-120
113                android:value="com.google.firebase.components.ComponentRegistrar" />
113-->[com.google.firebase:firebase-database:20.3.0] AndroidManifest.xml:31:17-82
114            <meta-data
114-->[com.google.firebase:firebase-database:20.3.0] AndroidManifest.xml:32:13-34:85
115                android:name="com.google.firebase.components:com.google.firebase.database.DatabaseRegistrar"
115-->[com.google.firebase:firebase-database:20.3.0] AndroidManifest.xml:33:17-109
116                android:value="com.google.firebase.components.ComponentRegistrar" />
116-->[com.google.firebase:firebase-database:20.3.0] AndroidManifest.xml:34:17-82
117            <meta-data
117-->[com.google.firebase:firebase-messaging:23.3.1] AndroidManifest.xml:57:13-59:85
118                android:name="com.google.firebase.components:com.google.firebase.messaging.FirebaseMessagingKtxRegistrar"
118-->[com.google.firebase:firebase-messaging:23.3.1] AndroidManifest.xml:58:17-122
119                android:value="com.google.firebase.components.ComponentRegistrar" />
119-->[com.google.firebase:firebase-messaging:23.3.1] AndroidManifest.xml:59:17-82
120            <meta-data
120-->[com.google.firebase:firebase-messaging:23.3.1] AndroidManifest.xml:60:13-62:85
121                android:name="com.google.firebase.components:com.google.firebase.messaging.FirebaseMessagingRegistrar"
121-->[com.google.firebase:firebase-messaging:23.3.1] AndroidManifest.xml:61:17-119
122                android:value="com.google.firebase.components.ComponentRegistrar" />
122-->[com.google.firebase:firebase-messaging:23.3.1] AndroidManifest.xml:62:17-82
123            <meta-data
123-->[com.google.firebase:firebase-iid:21.1.0] AndroidManifest.xml:32:13-34:85
124                android:name="com.google.firebase.components:com.google.firebase.iid.Registrar"
124-->[com.google.firebase:firebase-iid:21.1.0] AndroidManifest.xml:33:17-96
125                android:value="com.google.firebase.components.ComponentRegistrar" />
125-->[com.google.firebase:firebase-iid:21.1.0] AndroidManifest.xml:34:17-82
126            <meta-data
126-->[com.google.firebase:firebase-installations:17.2.0] AndroidManifest.xml:15:13-17:85
127                android:name="com.google.firebase.components:com.google.firebase.installations.FirebaseInstallationsKtxRegistrar"
127-->[com.google.firebase:firebase-installations:17.2.0] AndroidManifest.xml:16:17-130
128                android:value="com.google.firebase.components.ComponentRegistrar" />
128-->[com.google.firebase:firebase-installations:17.2.0] AndroidManifest.xml:17:17-82
129            <meta-data
129-->[com.google.firebase:firebase-installations:17.2.0] AndroidManifest.xml:18:13-20:85
130                android:name="com.google.firebase.components:com.google.firebase.installations.FirebaseInstallationsRegistrar"
130-->[com.google.firebase:firebase-installations:17.2.0] AndroidManifest.xml:19:17-127
131                android:value="com.google.firebase.components.ComponentRegistrar" />
131-->[com.google.firebase:firebase-installations:17.2.0] AndroidManifest.xml:20:17-82
132            <meta-data
132-->[com.google.firebase:firebase-common-ktx:20.4.2] AndroidManifest.xml:12:13-14:85
133                android:name="com.google.firebase.components:com.google.firebase.ktx.FirebaseCommonLegacyRegistrar"
133-->[com.google.firebase:firebase-common-ktx:20.4.2] AndroidManifest.xml:13:17-116
134                android:value="com.google.firebase.components.ComponentRegistrar" />
134-->[com.google.firebase:firebase-common-ktx:20.4.2] AndroidManifest.xml:14:17-82
135            <meta-data
135-->[com.google.firebase:firebase-common:20.4.2] AndroidManifest.xml:35:13-37:85
136                android:name="com.google.firebase.components:com.google.firebase.FirebaseCommonKtxRegistrar"
136-->[com.google.firebase:firebase-common:20.4.2] AndroidManifest.xml:36:17-109
137                android:value="com.google.firebase.components.ComponentRegistrar" />
137-->[com.google.firebase:firebase-common:20.4.2] AndroidManifest.xml:37:17-82
138            <meta-data
138-->[com.google.firebase:firebase-datatransport:18.1.7] AndroidManifest.xml:27:13-29:85
139                android:name="com.google.firebase.components:com.google.firebase.datatransport.TransportRegistrar"
139-->[com.google.firebase:firebase-datatransport:18.1.7] AndroidManifest.xml:28:17-115
140                android:value="com.google.firebase.components.ComponentRegistrar" />
140-->[com.google.firebase:firebase-datatransport:18.1.7] AndroidManifest.xml:29:17-82
141        </service>
142        <service
142-->[:firebase_messaging] AndroidManifest.xml:16:9-19:72
143            android:name="io.flutter.plugins.firebase.messaging.FlutterFirebaseMessagingBackgroundService"
143-->[:firebase_messaging] AndroidManifest.xml:17:13-107
144            android:exported="false"
144-->[:firebase_messaging] AndroidManifest.xml:18:13-37
145            android:permission="android.permission.BIND_JOB_SERVICE" />
145-->[:firebase_messaging] AndroidManifest.xml:19:13-69
146        <service
146-->[:firebase_messaging] AndroidManifest.xml:20:9-26:19
147            android:name="io.flutter.plugins.firebase.messaging.FlutterFirebaseMessagingService"
147-->[:firebase_messaging] AndroidManifest.xml:21:13-97
148            android:exported="false" >
148-->[:firebase_messaging] AndroidManifest.xml:22:13-37
149            <intent-filter>
149-->[:firebase_messaging] AndroidManifest.xml:23:13-25:29
150                <action android:name="com.google.firebase.MESSAGING_EVENT" />
150-->[:firebase_messaging] AndroidManifest.xml:24:17-78
150-->[:firebase_messaging] AndroidManifest.xml:24:25-75
151            </intent-filter>
152        </service>
153
154        <receiver
154-->[:firebase_messaging] AndroidManifest.xml:28:9-35:20
155            android:name="io.flutter.plugins.firebase.messaging.FlutterFirebaseMessagingReceiver"
155-->[:firebase_messaging] AndroidManifest.xml:29:13-98
156            android:exported="true"
156-->[:firebase_messaging] AndroidManifest.xml:30:13-36
157            android:permission="com.google.android.c2dm.permission.SEND" >
157-->[:firebase_messaging] AndroidManifest.xml:31:13-73
158            <intent-filter>
158-->[:firebase_messaging] AndroidManifest.xml:32:13-34:29
159                <action android:name="com.google.android.c2dm.intent.RECEIVE" />
159-->[:firebase_messaging] AndroidManifest.xml:33:17-81
159-->[:firebase_messaging] AndroidManifest.xml:33:25-78
160            </intent-filter>
161        </receiver>
162
163        <provider
163-->[:firebase_messaging] AndroidManifest.xml:43:9-47:38
164            android:name="io.flutter.plugins.firebase.messaging.FlutterFirebaseMessagingInitProvider"
164-->[:firebase_messaging] AndroidManifest.xml:44:13-102
165            android:authorities="com.nkdevelopers.niktoearningapp.flutterfirebasemessaginginitprovider"
165-->[:firebase_messaging] AndroidManifest.xml:45:13-88
166            android:exported="false"
166-->[:firebase_messaging] AndroidManifest.xml:46:13-37
167            android:initOrder="99" />
167-->[:firebase_messaging] AndroidManifest.xml:47:13-35
168        <provider
168-->[com.applovin:applovin-sdk:12.1.0] AndroidManifest.xml:22:9-26:39
169            android:name="com.applovin.sdk.AppLovinInitProvider"
169-->[com.applovin:applovin-sdk:12.1.0] AndroidManifest.xml:23:13-65
170            android:authorities="com.nkdevelopers.niktoearningapp.applovininitprovider"
170-->[com.applovin:applovin-sdk:12.1.0] AndroidManifest.xml:24:13-72
171            android:exported="false"
171-->[com.applovin:applovin-sdk:12.1.0] AndroidManifest.xml:25:13-37
172            android:initOrder="101" /> <!-- Init order is 101 so we're before Firebase/Google which uses 100 -->
172-->[com.applovin:applovin-sdk:12.1.0] AndroidManifest.xml:26:13-36
173        <activity
173-->[com.applovin:applovin-sdk:12.1.0] AndroidManifest.xml:28:9-34:50
174            android:name="com.applovin.adview.AppLovinFullscreenActivity"
174-->[com.applovin:applovin-sdk:12.1.0] AndroidManifest.xml:29:13-74
175            android:configChanges="fontScale|keyboard|keyboardHidden|locale|orientation|screenLayout|screenSize|smallestScreenSize|uiMode"
175-->[com.applovin:applovin-sdk:12.1.0] AndroidManifest.xml:30:13-139
176            android:exported="false"
176-->[com.applovin:applovin-sdk:12.1.0] AndroidManifest.xml:31:13-37
177            android:hardwareAccelerated="true"
177-->[com.applovin:applovin-sdk:12.1.0] AndroidManifest.xml:32:13-47
178            android:launchMode="singleTop"
178-->[com.applovin:applovin-sdk:12.1.0] AndroidManifest.xml:33:13-43
179            android:screenOrientation="behind" />
179-->[com.applovin:applovin-sdk:12.1.0] AndroidManifest.xml:34:13-47
180        <activity
180-->[com.applovin:applovin-sdk:12.1.0] AndroidManifest.xml:35:9-42:74
181            android:name="com.applovin.adview.AppLovinFullscreenThemedActivity"
181-->[com.applovin:applovin-sdk:12.1.0] AndroidManifest.xml:36:13-80
182            android:configChanges="fontScale|keyboard|keyboardHidden|locale|orientation|screenLayout|screenSize|smallestScreenSize|uiMode"
182-->[com.applovin:applovin-sdk:12.1.0] AndroidManifest.xml:37:13-139
183            android:exported="false"
183-->[com.applovin:applovin-sdk:12.1.0] AndroidManifest.xml:38:13-37
184            android:hardwareAccelerated="true"
184-->[com.applovin:applovin-sdk:12.1.0] AndroidManifest.xml:39:13-47
185            android:launchMode="singleTop"
185-->[com.applovin:applovin-sdk:12.1.0] AndroidManifest.xml:40:13-43
186            android:screenOrientation="behind"
186-->[com.applovin:applovin-sdk:12.1.0] AndroidManifest.xml:41:13-47
187            android:theme="@android:style/Theme.NoTitleBar.Fullscreen" />
187-->[com.applovin:applovin-sdk:12.1.0] AndroidManifest.xml:42:13-71
188        <activity
188-->[com.applovin:applovin-sdk:12.1.0] AndroidManifest.xml:43:9-45:142
189            android:name="com.applovin.sdk.AppLovinWebViewActivity"
189-->[com.applovin:applovin-sdk:12.1.0] AndroidManifest.xml:44:13-68
190            android:configChanges="fontScale|keyboard|keyboardHidden|locale|orientation|screenLayout|screenSize|smallestScreenSize|uiMode" /> <!-- Hybrid Ad Activities -->
190-->[com.applovin:applovin-sdk:12.1.0] AndroidManifest.xml:45:13-139
191        <activity
191-->[com.applovin:applovin-sdk:12.1.0] AndroidManifest.xml:48:9-51:74
192            android:name="com.applovin.mediation.hybridAds.MaxHybridMRecAdActivity"
192-->[com.applovin:applovin-sdk:12.1.0] AndroidManifest.xml:49:13-84
193            android:configChanges="fontScale|keyboard|keyboardHidden|locale|orientation|screenLayout|screenSize|smallestScreenSize|uiMode"
193-->[com.applovin:applovin-sdk:12.1.0] AndroidManifest.xml:50:13-139
194            android:theme="@android:style/Theme.NoTitleBar.Fullscreen" />
194-->[com.applovin:applovin-sdk:12.1.0] AndroidManifest.xml:51:13-71
195        <activity
195-->[com.applovin:applovin-sdk:12.1.0] AndroidManifest.xml:52:9-55:74
196            android:name="com.applovin.mediation.hybridAds.MaxHybridNativeAdActivity"
196-->[com.applovin:applovin-sdk:12.1.0] AndroidManifest.xml:53:13-86
197            android:configChanges="fontScale|keyboard|keyboardHidden|locale|orientation|screenLayout|screenSize|smallestScreenSize|uiMode"
197-->[com.applovin:applovin-sdk:12.1.0] AndroidManifest.xml:54:13-139
198            android:theme="@android:style/Theme.NoTitleBar.Fullscreen" /> <!-- Mediation Debugger Activities -->
198-->[com.applovin:applovin-sdk:12.1.0] AndroidManifest.xml:55:13-71
199        <activity
199-->[com.applovin:applovin-sdk:12.1.0] AndroidManifest.xml:58:9-61:87
200            android:name="com.applovin.mediation.MaxDebuggerActivity"
200-->[com.applovin:applovin-sdk:12.1.0] AndroidManifest.xml:59:13-70
201            android:configChanges="fontScale|keyboard|keyboardHidden|locale|orientation|screenLayout|screenSize|smallestScreenSize|uiMode"
201-->[com.applovin:applovin-sdk:12.1.0] AndroidManifest.xml:60:13-139
202            android:theme="@style/com.applovin.mediation.MaxDebuggerActivity.Theme" />
202-->[com.applovin:applovin-sdk:12.1.0] AndroidManifest.xml:61:13-84
203        <activity
203-->[com.applovin:applovin-sdk:12.1.0] AndroidManifest.xml:62:9-65:87
204            android:name="com.applovin.mediation.MaxDebuggerDetailActivity"
204-->[com.applovin:applovin-sdk:12.1.0] AndroidManifest.xml:63:13-76
205            android:configChanges="fontScale|keyboard|keyboardHidden|locale|orientation|screenLayout|screenSize|smallestScreenSize|uiMode"
205-->[com.applovin:applovin-sdk:12.1.0] AndroidManifest.xml:64:13-139
206            android:theme="@style/com.applovin.mediation.MaxDebuggerActivity.Theme" />
206-->[com.applovin:applovin-sdk:12.1.0] AndroidManifest.xml:65:13-84
207        <activity
207-->[com.applovin:applovin-sdk:12.1.0] AndroidManifest.xml:66:9-69:87
208            android:name="com.applovin.mediation.MaxDebuggerMultiAdActivity"
208-->[com.applovin:applovin-sdk:12.1.0] AndroidManifest.xml:67:13-77
209            android:configChanges="fontScale|keyboard|keyboardHidden|locale|orientation|screenLayout|screenSize|smallestScreenSize|uiMode"
209-->[com.applovin:applovin-sdk:12.1.0] AndroidManifest.xml:68:13-139
210            android:theme="@style/com.applovin.mediation.MaxDebuggerActivity.Theme" />
210-->[com.applovin:applovin-sdk:12.1.0] AndroidManifest.xml:69:13-84
211        <activity
211-->[com.applovin:applovin-sdk:12.1.0] AndroidManifest.xml:70:9-73:87
212            android:name="com.applovin.mediation.MaxDebuggerAdUnitsListActivity"
212-->[com.applovin:applovin-sdk:12.1.0] AndroidManifest.xml:71:13-81
213            android:configChanges="fontScale|keyboard|keyboardHidden|locale|orientation|screenLayout|screenSize|smallestScreenSize|uiMode"
213-->[com.applovin:applovin-sdk:12.1.0] AndroidManifest.xml:72:13-139
214            android:theme="@style/com.applovin.mediation.MaxDebuggerActivity.Theme" />
214-->[com.applovin:applovin-sdk:12.1.0] AndroidManifest.xml:73:13-84
215        <activity
215-->[com.applovin:applovin-sdk:12.1.0] AndroidManifest.xml:74:9-77:87
216            android:name="com.applovin.mediation.MaxDebuggerAdUnitWaterfallsListActivity"
216-->[com.applovin:applovin-sdk:12.1.0] AndroidManifest.xml:75:13-90
217            android:configChanges="fontScale|keyboard|keyboardHidden|locale|orientation|screenLayout|screenSize|smallestScreenSize|uiMode"
217-->[com.applovin:applovin-sdk:12.1.0] AndroidManifest.xml:76:13-139
218            android:theme="@style/com.applovin.mediation.MaxDebuggerActivity.Theme" />
218-->[com.applovin:applovin-sdk:12.1.0] AndroidManifest.xml:77:13-84
219        <activity
219-->[com.applovin:applovin-sdk:12.1.0] AndroidManifest.xml:78:9-81:87
220            android:name="com.applovin.mediation.MaxDebuggerAdUnitDetailActivity"
220-->[com.applovin:applovin-sdk:12.1.0] AndroidManifest.xml:79:13-82
221            android:configChanges="fontScale|keyboard|keyboardHidden|locale|orientation|screenLayout|screenSize|smallestScreenSize|uiMode"
221-->[com.applovin:applovin-sdk:12.1.0] AndroidManifest.xml:80:13-139
222            android:theme="@style/com.applovin.mediation.MaxDebuggerActivity.Theme" />
222-->[com.applovin:applovin-sdk:12.1.0] AndroidManifest.xml:81:13-84
223        <activity
223-->[com.applovin:applovin-sdk:12.1.0] AndroidManifest.xml:82:9-85:87
224            android:name="com.applovin.mediation.MaxDebuggerCmpNetworksListActivity"
224-->[com.applovin:applovin-sdk:12.1.0] AndroidManifest.xml:83:13-85
225            android:configChanges="fontScale|keyboard|keyboardHidden|locale|orientation|screenLayout|screenSize|smallestScreenSize|uiMode"
225-->[com.applovin:applovin-sdk:12.1.0] AndroidManifest.xml:84:13-139
226            android:theme="@style/com.applovin.mediation.MaxDebuggerActivity.Theme" />
226-->[com.applovin:applovin-sdk:12.1.0] AndroidManifest.xml:85:13-84
227        <activity
227-->[com.applovin:applovin-sdk:12.1.0] AndroidManifest.xml:86:9-89:87
228            android:name="com.applovin.mediation.MaxDebuggerTcfConsentStatusesListActivity"
228-->[com.applovin:applovin-sdk:12.1.0] AndroidManifest.xml:87:13-92
229            android:configChanges="fontScale|keyboard|keyboardHidden|locale|orientation|screenLayout|screenSize|smallestScreenSize|uiMode"
229-->[com.applovin:applovin-sdk:12.1.0] AndroidManifest.xml:88:13-139
230            android:theme="@style/com.applovin.mediation.MaxDebuggerActivity.Theme" />
230-->[com.applovin:applovin-sdk:12.1.0] AndroidManifest.xml:89:13-84
231        <activity
231-->[com.applovin:applovin-sdk:12.1.0] AndroidManifest.xml:90:9-93:87
232            android:name="com.applovin.mediation.MaxDebuggerTcfInfoListActivity"
232-->[com.applovin:applovin-sdk:12.1.0] AndroidManifest.xml:91:13-81
233            android:configChanges="fontScale|keyboard|keyboardHidden|locale|orientation|screenLayout|screenSize|smallestScreenSize|uiMode"
233-->[com.applovin:applovin-sdk:12.1.0] AndroidManifest.xml:92:13-139
234            android:theme="@style/com.applovin.mediation.MaxDebuggerActivity.Theme" />
234-->[com.applovin:applovin-sdk:12.1.0] AndroidManifest.xml:93:13-84
235        <activity
235-->[com.applovin:applovin-sdk:12.1.0] AndroidManifest.xml:94:9-97:87
236            android:name="com.applovin.mediation.MaxDebuggerTcfStringActivity"
236-->[com.applovin:applovin-sdk:12.1.0] AndroidManifest.xml:95:13-79
237            android:configChanges="fontScale|keyboard|keyboardHidden|locale|orientation|screenLayout|screenSize|smallestScreenSize|uiMode"
237-->[com.applovin:applovin-sdk:12.1.0] AndroidManifest.xml:96:13-139
238            android:theme="@style/com.applovin.mediation.MaxDebuggerActivity.Theme" />
238-->[com.applovin:applovin-sdk:12.1.0] AndroidManifest.xml:97:13-84
239        <activity
239-->[com.applovin:applovin-sdk:12.1.0] AndroidManifest.xml:98:9-101:87
240            android:name="com.applovin.mediation.MaxDebuggerTestLiveNetworkActivity"